10×2 DataFrame
 Row │ jg                  D_sum
     │ Tuple…              Int64
─────┼────────────────────────────
   1 │ (2016, "Männlich")  446021
   2 │ (2016, "Weiblich")  460288
   3 │ (2017, "Männlich")  456316
   4 │ (2017, "Weiblich")  473035
   5 │ (2018, "Männlich")  468793
   6 │ (2018, "Weiblich")  483502
   7 │ (2019, "Männlich")  464511
   8 │ (2019, "Weiblich")  472261
   9 │ (2020, "Männlich")  498917
  10 │ (2020, "Weiblich")  498942
5×2 DataFrame
 Row │ jahr   D_sum
     │ Int64  Int64
─────┼───────────────
   1 │  2016  906309
   2 │  2017  929351
   3 │  2018  952295
   4 │  2019  936772
   5 │  2020  997859
