10×2 DataFrame
 Row │ jg                  D_sum
     │ Tuple…              Int64
─────┼────────────────────────────
   1 │ (2016, "Männlich")  448304
   2 │ (2016, "Weiblich")  462595
   3 │ (2017, "Männlich")  457756
   4 │ (2017, "Weiblich")  474507
   5 │ (2018, "Männlich")  470032
   6 │ (2018, "Weiblich")  484842
   7 │ (2019, "Männlich")  465885
   8 │ (2019, "Weiblich")  473635
   9 │ (2020, "Männlich")  491380
  10 │ (2020, "Weiblich")  491109
5×2 DataFrame
 Row │ jahr   D_sum
     │ Int64  Int64
─────┼───────────────
   1 │  2016  910899
   2 │  2017  932263
   3 │  2018  954874
   4 │  2019  939520
   5 │  2020  982489
